[debug] [2024-04-08T07:12:20.196Z] ----------------------------------------------------------------------
[debug] [2024-04-08T07:12:20.198Z] Command:       C:\Program Files\nodejs\node.exe C:\Users\sivar\AppData\Roaming\npm\node_modules\firebase-tools\lib\bin\firebase.js deploy --only hosting
[debug] [2024-04-08T07:12:20.198Z] CLI Version:   13.7.1
[debug] [2024-04-08T07:12:20.198Z] Platform:      win32
[debug] [2024-04-08T07:12:20.198Z] Node Version:  v18.17.0
[debug] [2024-04-08T07:12:20.199Z] Time:          Mon Apr 08 2024 12:42:20 GMT+0530 (India Standard Time)
[debug] [2024-04-08T07:12:20.199Z] ----------------------------------------------------------------------
[debug] 
[debug] [2024-04-08T07:12:20.251Z] > command requires scopes: ["email","openid","https://www.googleapis.com/auth/cloudplatformprojects.readonly","https://www.googleapis.com/auth/firebase","https://www.googleapis.com/auth/cloud-platform"]
[debug] [2024-04-08T07:12:20.252Z] > authorizing via signed-in user (sivaramakrishnan.srivatsan@techconative.com)
[debug] [2024-04-08T07:12:20.252Z] [iam] checking project deployment-testing-e31c4 for permissions ["firebase.projects.get","firebasehosting.sites.update"]
[debug] [2024-04-08T07:12:20.254Z] >>> [apiv2][query] POST https://cloudresourcemanager.googleapis.com/v1/projects/deployment-testing-e31c4:testIamPermissions [none]
[debug] [2024-04-08T07:12:20.254Z] >>> [apiv2][(partial)header] POST https://cloudresourcemanager.googleapis.com/v1/projects/deployment-testing-e31c4:testIamPermissions x-goog-quota-user=projects/deployment-testing-e31c4
[debug] [2024-04-08T07:12:20.254Z] >>> [apiv2][body] POST https://cloudresourcemanager.googleapis.com/v1/projects/deployment-testing-e31c4:testIamPermissions {"permissions":["firebase.projects.get","firebasehosting.sites.update"]}
[debug] [2024-04-08T07:12:21.552Z] <<< [apiv2][status] POST https://cloudresourcemanager.googleapis.com/v1/projects/deployment-testing-e31c4:testIamPermissions 200
[debug] [2024-04-08T07:12:21.552Z] <<< [apiv2][body] POST https://cloudresourcemanager.googleapis.com/v1/projects/deployment-testing-e31c4:testIamPermissions {"permissions":["firebase.projects.get","firebasehosting.sites.update"]}
[debug] [2024-04-08T07:12:21.553Z] >>> [apiv2][query] GET https://firebase.googleapis.com/v1beta1/projects/deployment-testing-e31c4 [none]
[debug] [2024-04-08T07:12:22.059Z] <<< [apiv2][status] GET https://firebase.googleapis.com/v1beta1/projects/deployment-testing-e31c4 200
[debug] [2024-04-08T07:12:22.059Z] <<< [apiv2][body] GET https://firebase.googleapis.com/v1beta1/projects/deployment-testing-e31c4 {"projectId":"deployment-testing-e31c4","projectNumber":"589762472483","displayName":"Deployment-Testing","name":"projects/deployment-testing-e31c4","resources":{"hostingSite":"deployment-testing-e31c4","realtimeDatabaseInstance":"deployment-testing-e31c4-default-rtdb"},"state":"ACTIVE","etag":"1_3defad91-3d3e-41e9-9bd1-21b77e454669"}
[info] 
   Thank you for trying our early preview of Next.js support on Firebase Hosting.
   During the preview, support is best-effort and breaking changes can be expected. Proceed with caution.
   The integration is known to work with Next.js version 12 - 14.0. You may encounter errors.

   Documentation: https://firebase.google.com/docs/hosting/frameworks/nextjs
   File a bug: https://github.com/firebase/firebase-tools/issues/new?template=bug_report.md
   Submit a feature request: https://github.com/firebase/firebase-tools/issues/new?template=feature_request.md

   We'd love to learn from you. Express your interest in helping us shape the future of Firebase Hosting: https://goo.gle/41enW5X

[debug] [2024-04-08T07:12:29.635Z] >>> [apiv2][query] GET https://firebasehosting.googleapis.com/v1beta1/projects/deployment-testing-e31c4/sites/deployment-testing-e31c4 [none]
[debug] [2024-04-08T07:12:30.526Z] <<< [apiv2][status] GET https://firebasehosting.googleapis.com/v1beta1/projects/deployment-testing-e31c4/sites/deployment-testing-e31c4 200
[debug] [2024-04-08T07:12:30.527Z] <<< [apiv2][body] GET https://firebasehosting.googleapis.com/v1beta1/projects/deployment-testing-e31c4/sites/deployment-testing-e31c4 {"name":"projects/deployment-testing-e31c4/sites/deployment-testing-e31c4","defaultUrl":"https://deployment-testing-e31c4.web.app","type":"DEFAULT_SITE"}
[info]    ▲ Next.js 14.1.0

[info] 

[info]    Creating an optimized production build ...

[info]  ✓ Compiled successfully

[info]    Linting and checking validity of types ...

[info]    Collecting page data ...

[info]    Generating static pages (0/5) ...

[info]    Generating static pages (1/5) 

[info]    Generating static pages (2/5) 

[info]    Generating static pages (3/5) 

[info]  ✓ Generating static pages (5/5) 

[info]    Finalizing page optimization ...

[info]    Collecting build traces ...

[info] 

[info] Route (app)                              Size     First Load JS
┌ ○ /                                    5.29 kB        89.6 kB
└ ○ /_not-found                          885 B          85.2 kB
+ First Load JS shared by all            84.3 kB
  ├ chunks/69-c7efea4b65083e7f.js        29 kB
  ├ chunks/fd9d1056-cc48c28d170fddc2.js  53.4 kB
  └ other shared chunks (total)          1.9 kB



[info] ○  (Static)  prerendered as static content


[info] Building a Cloud Function to run this application. This is needed due to:
[info]  • Image Optimization
[info] 
[debug] [2024-04-08T07:12:50.703Z] >>> [apiv2][query] GET https://firebasehosting.googleapis.com/v1beta1/projects/deployment-testing-e31c4/sites/deployment-testing-e31c4 [none]
[debug] [2024-04-08T07:12:51.488Z] <<< [apiv2][status] GET https://firebasehosting.googleapis.com/v1beta1/projects/deployment-testing-e31c4/sites/deployment-testing-e31c4 200
[debug] [2024-04-08T07:12:51.488Z] <<< [apiv2][body] GET https://firebasehosting.googleapis.com/v1beta1/projects/deployment-testing-e31c4/sites/deployment-testing-e31c4 {"name":"projects/deployment-testing-e31c4/sites/deployment-testing-e31c4","defaultUrl":"https://deployment-testing-e31c4.web.app","type":"DEFAULT_SITE"}
[debug] [2024-04-08T07:12:51.697Z] Error: Source and destination must not be the same.
    at C:\Users\sivar\AppData\Roaming\npm\node_modules\firebase-tools\node_modules\fs-extra\lib\util\stat.js:49:19
    at process.processTicksAndRejections (node:internal/process/task_queues:82:21)
[error] 
[error] Error: An unexpected error has occurred.
